<?xml version="1.0" encoding="UTF-8"?>
<!-- Generated by org.testng.reporters.JUnitReportReporter -->
<testsuite hostname="Notebook-PC" name="driverFactory.Demotest" tests="1" failures="0" timestamp="3 Oct 2019 10:44:02 GMT" time="0.017" errors="0">
  <testcase name="add" time="0.017" classname="driverFactory.Demotest"/>
</testsuite> <!-- driverFactory.Demotest -->
