<?xml version="1.0" encoding="UTF-8"?>
<!-- Generated by org.testng.reporters.JUnitReportReporter -->
<testsuite hostname="Notebook-PC" name="driverFactory.AppTest" tests="1" failures="0" timestamp="3 Oct 2019 08:03:26 GMT" time="19.814" errors="0">
  <testcase name="kickStart" time="19.814" classname="driverFactory.AppTest"/>
</testsuite> <!-- driverFactory.AppTest -->
