<?xml version="1.0" encoding="UTF-8"?>
<!-- Generated by org.testng.reporters.JUnitReportReporter -->
<testsuite hostname="Notebook-PC" name="driverFactory.AppTest" tests="1" failures="0" timestamp="3 Oct 2019 13:42:51 GMT" time="18.232" errors="0">
  <testcase name="kickStart" time="18.232" classname="driverFactory.AppTest"/>
</testsuite> <!-- driverFactory.AppTest -->
